Determining if the pthread_create exist failed with the following output:
Change Dir: /mnt/ntfs_e/Projects/CPP/vkfw/build/CMakeFiles/CMakeTmp

Run Build Command:"/usr/bin/make" "cmTC_ccd63/fast"
/usr/bin/make -f CMakeFiles/cmTC_ccd63.dir/build.make CMakeFiles/cmTC_ccd63.dir/build
make[1]: Entering directory '/mnt/ntfs_e/Projects/CPP/vkfw/build/CMakeFiles/CMakeTmp'
Building C object CMakeFiles/cmTC_ccd63.dir/CheckSymbolExists.c.o
/usr/bin/clang     -o CMakeFiles/cmTC_ccd63.dir/CheckSymbolExists.c.o   -c /mnt/ntfs_e/Projects/CPP/vkfw/build/CMakeFiles/CMakeTmp/CheckSymbolExists.c
Linking C executable cmTC_ccd63
/usr/bin/cmake -E cmake_link_script CMakeFiles/cmTC_ccd63.dir/link.txt --verbose=1
/usr/bin/clang       CMakeFiles/cmTC_ccd63.dir/CheckSymbolExists.c.o  -o cmTC_ccd63 -rdynamic 
CMakeFiles/cmTC_ccd63.dir/CheckSymbolExists.c.o: In function `main':
/mnt/ntfs_e/Projects/CPP/vkfw/build/CMakeFiles/CMakeTmp/CheckSymbolExists.c:(.text+0x19): undefined reference to `pthread_create'
clang-5.0: error: linker command failed with exit code 1 (use -v to see invocation)
make[1]: *** [CMakeFiles/cmTC_ccd63.dir/build.make:98: cmTC_ccd63] Error 1
make[1]: Leaving directory '/mnt/ntfs_e/Projects/CPP/vkfw/build/CMakeFiles/CMakeTmp'
make: *** [Makefile:126: cmTC_ccd63/fast] Error 2

File /mnt/ntfs_e/Projects/CPP/vkfw/build/CMakeFiles/CMakeTmp/CheckSymbolExists.c:
/* */
#include <pthread.h>

int main(int argc, char** argv)
{
  (void)argv;
#ifndef pthread_create
  return ((int*)(&pthread_create))[argc];
#else
  (void)argc;
  return 0;
#endif
}

Determining if the function pthread_create exists in the pthreads failed with the following output:
Change Dir: /mnt/ntfs_e/Projects/CPP/vkfw/build/CMakeFiles/CMakeTmp

Run Build Command:"/usr/bin/make" "cmTC_e5a70/fast"
/usr/bin/make -f CMakeFiles/cmTC_e5a70.dir/build.make CMakeFiles/cmTC_e5a70.dir/build
make[1]: Entering directory '/mnt/ntfs_e/Projects/CPP/vkfw/build/CMakeFiles/CMakeTmp'
Building C object CMakeFiles/cmTC_e5a70.dir/CheckFunctionExists.c.o
/usr/bin/clang    -DCHECK_FUNCTION_EXISTS=pthread_create   -o CMakeFiles/cmTC_e5a70.dir/CheckFunctionExists.c.o   -c /usr/share/cmake-3.7/Modules/CheckFunctionExists.c
Linking C executable cmTC_e5a70
/usr/bin/cmake -E cmake_link_script CMakeFiles/cmTC_e5a70.dir/link.txt --verbose=1
/usr/bin/clang   -DCHECK_FUNCTION_EXISTS=pthread_create    CMakeFiles/cmTC_e5a70.dir/CheckFunctionExists.c.o  -o cmTC_e5a70 -rdynamic -lpthreads 
/usr/bin/ld: cannot find -lpthreads
clang-5.0: error: linker command failed with exit code 1 (use -v to see invocation)
make[1]: *** [CMakeFiles/cmTC_e5a70.dir/build.make:98: cmTC_e5a70] Error 1
make[1]: Leaving directory '/mnt/ntfs_e/Projects/CPP/vkfw/build/CMakeFiles/CMakeTmp'
make: *** [Makefile:126: cmTC_e5a70/fast] Error 2


